<?xml version="1.0" encoding="UTF-8"?>
<!-- Generated by org.testng.reporters.JUnitXMLReporter -->
<testsuite hostname="ubuntu" name="ExecuteAll" tests="16" failures="2" timestamp="26 May 2015 14:16:29 GMT" time="7.094" errors="0">
  <testcase name="method_executeTests_tests_reports_failed_tests_arrays_size_should_be_equal_to_total_failed_tests" time="0.269" classname="com.rc.wefunit.testengine.TestEngineTest"/>
  <testcase name="method_executeTests_total_executed_tests_should_equal_to_total_no_of_tests_present" time="0.018" classname="com.rc.wefunit.testengine.TestEngineTest"/>
  <testcase name="method_executeTests_total_passed_tests_should_be_equal_to_total_tests_minus_total_failed_tests" time="0.019" classname="com.rc.wefunit.testengine.TestEngineTest"/>
  <testcase name="method_executeTests_total_test_for_explicitly_failed_tests" time="0.03" classname="com.rc.wefunit.testengine.TestEngineTest"/>
  <testcase name="method_getTestScores_returned_map_must_contain_report_document" time="0.001" classname="com.rc.wefunit.testengine.TestEngineTest"/>
  <testcase name="method_getTestScores_returned_map_must_contain_score_document" time="0.0" classname="com.rc.wefunit.testengine.TestEngineTest"/>
  <testcase name="method_getTestScores_returned_map_validating_failed_test_objects_structures_inside_report_failed_array" time="0.005" classname="com.rc.wefunit.testengine.TestEngineTest">
    <failure type="mockit.internal.MissingInvocation" message="Missing 1 invocation to:
com.bowstreet.util.SystemProperties#getWebInfDir()">
      <![CDATA[mockit.internal.MissingInvocation: Missing 1 invocation to:
com.bowstreet.util.SystemProperties#getWebInfDir()
Caused by: Missing invocations
	at com.bowstreet.util.SystemProperties.getWebInfDir(SystemProperties.java)
	at com.rc.wefunit.TestRunnerBaseClass$1.<init>(TestRunnerBaseClass.java:23)
	at com.rc.wefunit.TestRunnerBaseClass.runTests(TestRunnerBaseClass.java:22)
	at com.rc.wefunit.testengine.TestEngineTest.method_getTestScores_returned_map_validating_failed_test_objects_structures_inside_report_failed_array(TestEngineTest.java:122)
	... 6 more
... Removed 8 stack frames]]>
    </failure>
  </testcase> <!-- method_getTestScores_returned_map_validating_failed_test_objects_structures_inside_report_failed_array -->
  <testcase name="method_getTestScores_validating_the_test_classes_names_inside_report_section_of_test_scoring_map" time="0.021" classname="com.rc.wefunit.testengine.TestEngineTest"/>
  <testcase name="method_getProjectName_test_for_linux" time="0.025" classname="com.rc.wefunit.ConfigReaderTest"/>
  <testcase name="method_getProjectName_test_for_windows" time="0.01" classname="com.rc.wefunit.ConfigReaderTest"/>
  <testcase name="method_generateHTMLTestReporting_TestReporting_html_file_basic_structure" time="3.983" classname="com.rc.wefunit.testreporting.HTMLReporterTest"/>
  <testcase name="method_generateHTMLTestReporting_TestReporting_html_file_test_report_content" time="2.409" classname="com.rc.wefunit.testreporting.HTMLReporterTest">
    <failure type="org.openqa.selenium.InvalidSelectorException" message="The given selector li[name=&amp;quot;failed_test_item&amp;quot; is either invalid or does not result in a WebElement. The following error occurred:
InvalidSelectorError: An invalid or illegal selector was specified
Command duration or timeout: 55 milliseconds
For documentation on this error, please visit: http://seleniumhq.org/exceptions/invalid_selector_exception.html
Build info: version: &amp;apos;2.45.0&amp;apos;, revision: &amp;apos;5017cb8e7ca8e37638dc3091b2440b90a1d8686f&amp;apos;, time: &amp;apos;2015-02-27 09:10:26&amp;apos;
System info: host: &amp;apos;ubuntu&amp;apos;, ip: &amp;apos;127.0.1.1&amp;apos;, os.name: &amp;apos;Linux&amp;apos;, os.arch: &amp;apos;amd64&amp;apos;, os.version: &amp;apos;3.13.0-32-generic&amp;apos;, java.version: &amp;apos;1.8.0_11&amp;apos;
Driver info: org.openqa.selenium.firefox.FirefoxDriver
Capabilities [{applicationCacheEnabled=true, rotatable=false, handlesAlerts=true, databaseEnabled=true, version=31.0, platform=LINUX, nativeEvents=false, acceptSslCerts=true, webStorageEnabled=true, locationContextEnabled=true, browserName=firefox, takesScreenshot=true, javascriptEnabled=true, cssSelectorsEnabled=true}]
Session ID: 5fe15281-d3e9-45ab-9e6d-6b3ae29a6f3e
*** Element info: {Using=css selector, value=li[name=&amp;quot;failed_test_item&amp;quot;}">
      <![CDATA[org.openqa.selenium.InvalidSelectorException: The given selector li[name="failed_test_item" is either invalid or does not result in a WebElement. The following error occurred:
InvalidSelectorError: An invalid or illegal selector was specified
Command duration or timeout: 55 milliseconds
For documentation on this error, please visit: http://seleniumhq.org/exceptions/invalid_selector_exception.html
Build info: version: '2.45.0', revision: '5017cb8e7ca8e37638dc3091b2440b90a1d8686f', time: '2015-02-27 09:10:26'
System info: host: 'ubuntu', ip: '127.0.1.1', os.name: 'Linux', os.arch: 'amd64', os.version: '3.13.0-32-generic', java.version: '1.8.0_11'
Driver info: org.openqa.selenium.firefox.FirefoxDriver
Capabilities [{applicationCacheEnabled=true, rotatable=false, handlesAlerts=true, databaseEnabled=true, version=31.0, platform=LINUX, nativeEvents=false, acceptSslCerts=true, webStorageEnabled=true, locationContextEnabled=true, browserName=firefox, takesScreenshot=true, javascriptEnabled=true, cssSelectorsEnabled=true}]
Session ID: 5fe15281-d3e9-45ab-9e6d-6b3ae29a6f3e
*** Element info: {Using=css selector, value=li[name="failed_test_item"}
	at org.openqa.selenium.remote.ErrorHandler.createThrowable(ErrorHandler.java:204)
	at org.openqa.selenium.remote.ErrorHandler.throwIfResponseFailed(ErrorHandler.java:156)
	at org.openqa.selenium.remote.RemoteWebDriver.execute(RemoteWebDriver.java:599)
	at org.openqa.selenium.remote.RemoteWebDriver.findElements(RemoteWebDriver.java:377)
	at org.openqa.selenium.remote.RemoteWebDriver.findElementsByCssSelector(RemoteWebDriver.java:445)
	at org.openqa.selenium.By$ByCssSelector.findElements(By.java:436)
	at org.openqa.selenium.remote.RemoteWebDriver.findElements(RemoteWebDriver.java:340)
	at com.rc.wefunit.testreporting.HTMLReporterTest.method_generateHTMLTestReporting_TestReporting_html_file_test_report_content(HTMLReporterTest.java:228)
Caused by: org.openqa.selenium.InvalidSelectorException: The given selector li[name="failed_test_item" is either invalid or does not result in a WebElement. The following error occurred:
InvalidSelectorError: An invalid or illegal selector was specified
For documentation on this error, please visit: http://seleniumhq.org/exceptions/invalid_selector_exception.html
Build info: version: '2.45.0', revision: '5017cb8e7ca8e37638dc3091b2440b90a1d8686f', time: '2015-02-27 09:10:26'
System info: host: 'ubuntu', ip: '127.0.1.1', os.name: 'Linux', os.arch: 'amd64', os.version: '3.13.0-32-generic', java.version: '1.8.0_11'
Driver info: driver.version: unknown
	at <anonymous class>.FirefoxDriver.annotateInvalidSelectorError_(file:///tmp/anonymous7243316087941572011webdriver-profile/extensions/fxdriver@googlecode.com/components/driver-component.js:10245)
	at <anonymous class>.FirefoxDriver.prototype.findElementsInternal_(file:///tmp/anonymous7243316087941572011webdriver-profile/extensions/fxdriver@googlecode.com/components/driver-component.js:10303)
	at <anonymous class>.FirefoxDriver.prototype.findElements(file:///tmp/anonymous7243316087941572011webdriver-profile/extensions/fxdriver@googlecode.com/components/driver-component.js:10307)
	at <anonymous class>.DelayedCommand.prototype.executeInternal_/h(file:///tmp/anonymous7243316087941572011webdriver-profile/extensions/fxdriver@googlecode.com/components/command-processor.js:12274)
	at <anonymous class>.DelayedCommand.prototype.executeInternal_(file:///tmp/anonymous7243316087941572011webdriver-profile/extensions/fxdriver@googlecode.com/components/command-processor.js:12279)
	at <anonymous class>.DelayedCommand.prototype.execute/<(file:///tmp/anonymous7243316087941572011webdriver-profile/extensions/fxdriver@googlecode.com/components/command-processor.js:12221)
... Removed 10 stack frames]]>
    </failure>
  </testcase> <!-- method_generateHTMLTestReporting_TestReporting_html_file_test_report_content -->
  <testcase name="method_generateHTMLTestReporting_create_a_new_html_report_if_a_report_file_is_not_there" time="0.009" classname="com.rc.wefunit.testreporting.HTMLReporterTest"/>
  <testcase name="method_generateHTMLTestReporting_delete_existing_html_report_file_then_regenerate_a_new_file" time="0.01" classname="com.rc.wefunit.testreporting.HTMLReporterTest"/>
  <testcase name="method_generateHTMLTestReporting_if_reporting_directories_are_not_present_then_create_them" time="0.003" classname="com.rc.wefunit.testreporting.HTMLReporterTest"/>
  <testcase name="method_generateHTMLTestReporting_must_throw_IllegalStateException_when_reporting_dir_is_not_accessible" time="0.165" classname="com.rc.wefunit.testreporting.HTMLReporterTest"/>
</testsuite> <!-- ExecuteAll -->
