<html>
<head>
<title>TestNG:  T1</title>
<link href="../testng.css" rel="stylesheet" type="text/css" />
<link href="../my-testng.css" rel="stylesheet" type="text/css" />

<style type="text/css">
.log { display: none;} 
.stack-trace { display: none;} 
</style>
<script type="text/javascript">
<!--
function flip(e) {
  current = e.style.display;
  if (current == 'block') {
    e.style.display = 'none';
    return 0;
  }
  else {
    e.style.display = 'block';
    return 1;
  }
}

function toggleBox(szDivId, elem, msg1, msg2)
{
  var res = -1;  if (document.getElementById) {
    res = flip(document.getElementById(szDivId));
  }
  else if (document.all) {
    // this is the way old msie versions work
    res = flip(document.all[szDivId]);
  }
  if(elem) {
    if(res == 0) elem.innerHTML = msg1; else elem.innerHTML = msg2;
  }

}

function toggleAllBoxes() {
  if (document.getElementsByTagName) {
    d = document.getElementsByTagName('div');
    for (i = 0; i < d.length; i++) {
      if (d[i].className == 'log') {
        flip(d[i]);
      }
    }
  }
}

// -->
</script>

</head>
<body>
<h2 align='center'>T1</h2><table border='1' align="center">
<tr>
<td>Tests passed/Failed/Skipped:</td><td>7/1/0</td>
</tr><tr>
<td>Started on:</td><td>Fri May 22 18:59:14 PKT 2015</td>
</tr>
<tr><td>Total time:</td><td>0 seconds (626 ms)</td>
</tr><tr>
<td>Included groups:</td><td></td>
</tr><tr>
<td>Excluded groups:</td><td></td>
</tr>
</table><p/>
<small><i>(Hover the method name to see the test class name)</i></small><p/>
<table width='100%' border='1' class='invocation-failed'>
<tr><td colspan='4' align='center'><b>FAILED TESTS</b></td></tr>
<tr><td><b>Test method</b></td>
<td width="30%"><b>Exception</b></td>
<td width="10%"><b>Time (seconds)</b></td>
<td><b>Instance</b></td>
</tr>
<tr>
<td title='com.rc.wefunit.testengine.TestEngineTest.method_getTestScores_validating_the_test_classes_names_inside_report_section_of_test_scoring_map()'><b>method_getTestScores_validating_the_test_classes_names_inside_report_section_of_test_scoring_map</b><br>Test class: com.rc.wefunit.testengine.TestEngineTest</td>
<td><div><pre>java.lang.AssertionError: expected [9] but found [22]
	at com.rc.wefunit.testengine.TestEngineTest.method_getTestScores_validating_the_test_classes_names_inside_report_section_of_test_scoring_map(TestEngineTest.java:236)
... Removed 8 stack frames</pre></div><a href='#' onClick='toggleBox("stack-trace1414147750", this, "Click to show all stack frames", "Click to hide stack frames")'>Click to show all stack frames</a>
<div class='stack-trace' id='stack-trace1414147750'><pre>java.lang.AssertionError: expected [9] but found [22]
	at com.rc.wefunit.testengine.TestEngineTest.method_getTestScores_validating_the_test_classes_names_inside_report_section_of_test_scoring_map(TestEngineTest.java:236)
	at sun.reflect.NativeMethodAccessorImpl.invoke0(Native Method)
	at java.lang.reflect.Method.invoke(Method.java:483)
	at org.apache.maven.surefire.testng.TestNGExecutor.run(TestNGExecutor.java:295)
	at org.apache.maven.surefire.testng.TestNGXmlTestSuite.execute(TestNGXmlTestSuite.java:84)
	at org.apache.maven.surefire.testng.TestNGProvider.invoke(TestNGProvider.java:90)
	at org.apache.maven.surefire.booter.ForkedBooter.invokeProviderInSameClassLoader(ForkedBooter.java:203)
	at org.apache.maven.surefire.booter.ForkedBooter.runSuitesInProcess(ForkedBooter.java:155)
	at org.apache.maven.surefire.booter.ForkedBooter.main(ForkedBooter.java:103)
</pre></div></td>
<td>0</td>
<td>com.rc.wefunit.testengine.TestEngineTest@523884b2</td></tr>
</table><p>
<table width='100%' border='1' class='invocation-passed'>
<tr><td colspan='4' align='center'><b>PASSED TESTS</b></td></tr>
<tr><td><b>Test method</b></td>
<td width="30%"><b>Exception</b></td>
<td width="10%"><b>Time (seconds)</b></td>
<td><b>Instance</b></td>
</tr>
<tr>
<td title='com.rc.wefunit.testengine.TestEngineTest.method_executeTests_tests_reports_failed_tests_arrays_size_should_be_equal_to_total_failed_tests()'><b>method_executeTests_tests_reports_failed_tests_arrays_size_should_be_equal_to_total_failed_tests</b><br>Test class: com.rc.wefunit.testengine.TestEngineTest</td>
<td></td>
<td>0</td>
<td>com.rc.wefunit.testengine.TestEngineTest@523884b2</td></tr>
<tr>
<td title='com.rc.wefunit.testengine.TestEngineTest.method_executeTests_total_executed_tests_should_equal_to_total_no_of_tests_present()'><b>method_executeTests_total_executed_tests_should_equal_to_total_no_of_tests_present</b><br>Test class: com.rc.wefunit.testengine.TestEngineTest</td>
<td></td>
<td>0</td>
<td>com.rc.wefunit.testengine.TestEngineTest@523884b2</td></tr>
<tr>
<td title='com.rc.wefunit.testengine.TestEngineTest.method_executeTests_total_passed_tests_should_be_equal_to_total_tests_minus_total_failed_tests()'><b>method_executeTests_total_passed_tests_should_be_equal_to_total_tests_minus_total_failed_tests</b><br>Test class: com.rc.wefunit.testengine.TestEngineTest</td>
<td></td>
<td>0</td>
<td>com.rc.wefunit.testengine.TestEngineTest@523884b2</td></tr>
<tr>
<td title='com.rc.wefunit.testengine.TestEngineTest.method_executeTests_total_test_for_explicitly_failed_tests()'><b>method_executeTests_total_test_for_explicitly_failed_tests</b><br>Test class: com.rc.wefunit.testengine.TestEngineTest</td>
<td></td>
<td>0</td>
<td>com.rc.wefunit.testengine.TestEngineTest@523884b2</td></tr>
<tr>
<td title='com.rc.wefunit.testengine.TestEngineTest.method_getTestScores_returned_map_must_contain_report_document()'><b>method_getTestScores_returned_map_must_contain_report_document</b><br>Test class: com.rc.wefunit.testengine.TestEngineTest</td>
<td></td>
<td>0</td>
<td>com.rc.wefunit.testengine.TestEngineTest@523884b2</td></tr>
<tr>
<td title='com.rc.wefunit.testengine.TestEngineTest.method_getTestScores_returned_map_must_contain_score_document()'><b>method_getTestScores_returned_map_must_contain_score_document</b><br>Test class: com.rc.wefunit.testengine.TestEngineTest</td>
<td></td>
<td>0</td>
<td>com.rc.wefunit.testengine.TestEngineTest@523884b2</td></tr>
<tr>
<td title='com.rc.wefunit.testengine.TestEngineTest.method_getTestScores_returned_map_validating_failed_test_objects_structures_inside_report_failed_array()'><b>method_getTestScores_returned_map_validating_failed_test_objects_structures_inside_report_failed_array</b><br>Test class: com.rc.wefunit.testengine.TestEngineTest</td>
<td></td>
<td>0</td>
<td>com.rc.wefunit.testengine.TestEngineTest@523884b2</td></tr>
</table><p>
</body>
</html>