<?xml version="1.0" encoding="UTF-8"?>
<!-- Generated by org.testng.reporters.JUnitXMLReporter -->
<testsuite hostname="ubuntu" name="T1" tests="8" failures="1" timestamp="22 May 2015 13:59:15 GMT" time="0.626" errors="0">
  <testcase name="method_executeTests_tests_reports_failed_tests_arrays_size_should_be_equal_to_total_failed_tests" time="0.317" classname="com.rc.wefunit.testengine.TestEngineTest"/>
  <testcase name="method_executeTests_total_executed_tests_should_equal_to_total_no_of_tests_present" time="0.056" classname="com.rc.wefunit.testengine.TestEngineTest"/>
  <testcase name="method_executeTests_total_passed_tests_should_be_equal_to_total_tests_minus_total_failed_tests" time="0.044" classname="com.rc.wefunit.testengine.TestEngineTest"/>
  <testcase name="method_executeTests_total_test_for_explicitly_failed_tests" time="0.048" classname="com.rc.wefunit.testengine.TestEngineTest"/>
  <testcase name="method_getTestScores_returned_map_must_contain_report_document" time="0.0" classname="com.rc.wefunit.testengine.TestEngineTest"/>
  <testcase name="method_getTestScores_returned_map_must_contain_score_document" time="0.0" classname="com.rc.wefunit.testengine.TestEngineTest"/>
  <testcase name="method_getTestScores_returned_map_validating_failed_test_objects_structures_inside_report_failed_array" time="0.001" classname="com.rc.wefunit.testengine.TestEngineTest"/>
  <testcase name="method_getTestScores_validating_the_test_classes_names_inside_report_section_of_test_scoring_map" time="0.083" classname="com.rc.wefunit.testengine.TestEngineTest">
    <failure type="java.lang.AssertionError" message="expected [9] but found [22]">
      <![CDATA[java.lang.AssertionError: expected [9] but found [22]
	at com.rc.wefunit.testengine.TestEngineTest.method_getTestScores_validating_the_test_classes_names_inside_report_section_of_test_scoring_map(TestEngineTest.java:236)
... Removed 8 stack frames]]>
    </failure>
  </testcase> <!-- method_getTestScores_validating_the_test_classes_names_inside_report_section_of_test_scoring_map -->
</testsuite> <!-- T1 -->
