<!DOCTYPE html PUBLIC "-//W3C//DTD XHTML 1.1//EN" "http://www.w3.org/TR/xhtml11/DTD/xhtml11.dtd">
<html xmlns="http://www.w3.org/1999/xhtml"><head><title>TestNG Report</title><style type="text/css">table {margin-bottom:10px;border-collapse:collapse;empty-cells:show}th,td {border:1px solid #009;padding:.25em .5em}th {vertical-align:bottom}td {vertical-align:top}table a {font-weight:bold}.stripe td {background-color: #E6EBF9}.num {text-align:right}.passedodd td {background-color: #3F3}.passedeven td {background-color: #0A0}.skippedodd td {background-color: #DDD}.skippedeven td {background-color: #CCC}.failedodd td,.attn {background-color: #F33}.failedeven td,.stripe .attn {background-color: #D00}.stacktrace {white-space:pre;font-family:monospace}.totop {font-size:85%;text-align:center;border-bottom:2px solid #000}</style></head><body><table><tr><th>Test</th><th># Passed</th><th># Skipped</th><th># Failed</th><th>Time (ms)</th><th>Included Groups</th><th>Excluded Groups</th></tr><tr><th colspan="7">MainSuite</th></tr><tr><td><a href="#t0">ExecuteAll</a></td><td class="num">14</td><td class="num">0</td><td class="num attn">2</td><td class="num">7,094</td><td></td><td></td></tr></table><table><thead><tr><th>Class</th><th>Method</th><th>Start</th><th>Time (ms)</th></tr></thead><tbody><tr><th colspan="4">MainSuite</th></tr></tbody><tbody id="t0"><tr><th colspan="4">ExecuteAll &#8212; failed</th></tr><tr class="failedeven"><td rowspan="1">com.rc.wefunit.testengine.TestEngineTest</td><td><a href="#m0">method_getTestScores_returned_map_validating_failed_test_objects_structures_inside_report_failed_array</a></td><td rowspan="1">1432649782522</td><td rowspan="1">5</td></tr><tr class="failedodd"><td rowspan="1">com.rc.wefunit.testreporting.HTMLReporterTest</td><td><a href="#m1">method_generateHTMLTestReporting_TestReporting_html_file_test_report_content</a></td><td rowspan="1">1432649786596</td><td rowspan="1">2409</td></tr><tr><th colspan="4">ExecuteAll &#8212; passed</th></tr><tr class="passedeven"><td rowspan="2">com.rc.wefunit.ConfigReaderTest</td><td><a href="#m2">method_getProjectName_test_for_linux</a></td><td rowspan="1">1432649782567</td><td rowspan="1">25</td></tr><tr class="passedeven"><td><a href="#m3">method_getProjectName_test_for_windows</a></td><td rowspan="1">1432649782597</td><td rowspan="1">10</td></tr><tr class="passedodd"><td rowspan="7">com.rc.wefunit.testengine.TestEngineTest</td><td><a href="#m4">method_executeTests_tests_reports_failed_tests_arrays_size_should_be_equal_to_total_failed_tests</a></td><td rowspan="1">1432649782168</td><td rowspan="1">269</td></tr><tr class="passedodd"><td><a href="#m5">method_executeTests_total_executed_tests_should_equal_to_total_no_of_tests_present</a></td><td rowspan="1">1432649782439</td><td rowspan="1">18</td></tr><tr class="passedodd"><td><a href="#m6">method_executeTests_total_passed_tests_should_be_equal_to_total_tests_minus_total_failed_tests</a></td><td rowspan="1">1432649782458</td><td rowspan="1">19</td></tr><tr class="passedodd"><td><a href="#m7">method_executeTests_total_test_for_explicitly_failed_tests</a></td><td rowspan="1">1432649782482</td><td rowspan="1">30</td></tr><tr class="passedodd"><td><a href="#m8">method_getTestScores_returned_map_must_contain_report_document</a></td><td rowspan="1">1432649782515</td><td rowspan="1">1</td></tr><tr class="passedodd"><td><a href="#m9">method_getTestScores_returned_map_must_contain_score_document</a></td><td rowspan="1">1432649782520</td><td rowspan="1">0</td></tr><tr class="passedodd"><td><a href="#m10">method_getTestScores_validating_the_test_classes_names_inside_report_section_of_test_scoring_map</a></td><td rowspan="1">1432649782545</td><td rowspan="1">21</td></tr><tr class="passedeven"><td rowspan="5">com.rc.wefunit.testreporting.HTMLReporterTest</td><td><a href="#m11">method_generateHTMLTestReporting_TestReporting_html_file_basic_structure</a></td><td rowspan="1">1432649782611</td><td rowspan="1">3983</td></tr><tr class="passedeven"><td><a href="#m12">method_generateHTMLTestReporting_create_a_new_html_report_if_a_report_file_is_not_there</a></td><td rowspan="1">1432649789017</td><td rowspan="1">9</td></tr><tr class="passedeven"><td><a href="#m13">method_generateHTMLTestReporting_delete_existing_html_report_file_then_regenerate_a_new_file</a></td><td rowspan="1">1432649789027</td><td rowspan="1">10</td></tr><tr class="passedeven"><td><a href="#m14">method_generateHTMLTestReporting_if_reporting_directories_are_not_present_then_create_them</a></td><td rowspan="1">1432649789040</td><td rowspan="1">3</td></tr><tr class="passedeven"><td><a href="#m15">method_generateHTMLTestReporting_must_throw_IllegalStateException_when_reporting_dir_is_not_accessible</a></td><td rowspan="1">1432649789051</td><td rowspan="1">165</td></tr></tbody></table><h2>ExecuteAll</h2><h3 id="m0">com.rc.wefunit.testengine.TestEngineTest#method_getTestScores_returned_map_validating_failed_test_objects_structures_inside_report_failed_array</h3><table class="result"><tr><th>Exception</th></tr><tr><td><div class="stacktrace">mockit.internal.MissingInvocation: Missing 1 invocation to:
com.bowstreet.util.SystemProperties#getWebInfDir()
Caused by: Missing invocations
	at com.bowstreet.util.SystemProperties.getWebInfDir(SystemProperties.java)
	at com.rc.wefunit.TestRunnerBaseClass$1.&lt;init&gt;(TestRunnerBaseClass.java:23)
	at com.rc.wefunit.TestRunnerBaseClass.runTests(TestRunnerBaseClass.java:22)
	at com.rc.wefunit.testengine.TestEngineTest.method_getTestScores_returned_map_validating_failed_test_objects_structures_inside_report_failed_array(TestEngineTest.java:122)
	... 6 more
... Removed 8 stack frames</div></td></tr></table><p class="totop"><a href="#summary">back to summary</a></p><h3 id="m1">com.rc.wefunit.testreporting.HTMLReporterTest#method_generateHTMLTestReporting_TestReporting_html_file_test_report_content</h3><table class="result"><tr><th>Exception</th></tr><tr><td><div class="stacktrace">org.openqa.selenium.InvalidSelectorException: The given selector li[name=&quot;failed_test_item&quot; is either invalid or does not result in a WebElement. The following error occurred:
InvalidSelectorError: An invalid or illegal selector was specified
Command duration or timeout: 55 milliseconds
For documentation on this error, please visit: http://seleniumhq.org/exceptions/invalid_selector_exception.html
Build info: version: &apos;2.45.0&apos;, revision: &apos;5017cb8e7ca8e37638dc3091b2440b90a1d8686f&apos;, time: &apos;2015-02-27 09:10:26&apos;
System info: host: &apos;ubuntu&apos;, ip: &apos;127.0.1.1&apos;, os.name: &apos;Linux&apos;, os.arch: &apos;amd64&apos;, os.version: &apos;3.13.0-32-generic&apos;, java.version: &apos;1.8.0_11&apos;
Driver info: org.openqa.selenium.firefox.FirefoxDriver
Capabilities [{applicationCacheEnabled=true, rotatable=false, handlesAlerts=true, databaseEnabled=true, version=31.0, platform=LINUX, nativeEvents=false, acceptSslCerts=true, webStorageEnabled=true, locationContextEnabled=true, browserName=firefox, takesScreenshot=true, javascriptEnabled=true, cssSelectorsEnabled=true}]
Session ID: 5fe15281-d3e9-45ab-9e6d-6b3ae29a6f3e
*** Element info: {Using=css selector, value=li[name=&quot;failed_test_item&quot;}
	at org.openqa.selenium.remote.ErrorHandler.createThrowable(ErrorHandler.java:204)
	at org.openqa.selenium.remote.ErrorHandler.throwIfResponseFailed(ErrorHandler.java:156)
	at org.openqa.selenium.remote.RemoteWebDriver.execute(RemoteWebDriver.java:599)
	at org.openqa.selenium.remote.RemoteWebDriver.findElements(RemoteWebDriver.java:377)
	at org.openqa.selenium.remote.RemoteWebDriver.findElementsByCssSelector(RemoteWebDriver.java:445)
	at org.openqa.selenium.By$ByCssSelector.findElements(By.java:436)
	at org.openqa.selenium.remote.RemoteWebDriver.findElements(RemoteWebDriver.java:340)
	at com.rc.wefunit.testreporting.HTMLReporterTest.method_generateHTMLTestReporting_TestReporting_html_file_test_report_content(HTMLReporterTest.java:228)
Caused by: org.openqa.selenium.InvalidSelectorException: The given selector li[name=&quot;failed_test_item&quot; is either invalid or does not result in a WebElement. The following error occurred:
InvalidSelectorError: An invalid or illegal selector was specified
For documentation on this error, please visit: http://seleniumhq.org/exceptions/invalid_selector_exception.html
Build info: version: &apos;2.45.0&apos;, revision: &apos;5017cb8e7ca8e37638dc3091b2440b90a1d8686f&apos;, time: &apos;2015-02-27 09:10:26&apos;
System info: host: &apos;ubuntu&apos;, ip: &apos;127.0.1.1&apos;, os.name: &apos;Linux&apos;, os.arch: &apos;amd64&apos;, os.version: &apos;3.13.0-32-generic&apos;, java.version: &apos;1.8.0_11&apos;
Driver info: driver.version: unknown
	at &lt;anonymous class&gt;.FirefoxDriver.annotateInvalidSelectorError_(file:///tmp/anonymous7243316087941572011webdriver-profile/extensions/fxdriver@googlecode.com/components/driver-component.js:10245)
	at &lt;anonymous class&gt;.FirefoxDriver.prototype.findElementsInternal_(file:///tmp/anonymous7243316087941572011webdriver-profile/extensions/fxdriver@googlecode.com/components/driver-component.js:10303)
	at &lt;anonymous class&gt;.FirefoxDriver.prototype.findElements(file:///tmp/anonymous7243316087941572011webdriver-profile/extensions/fxdriver@googlecode.com/components/driver-component.js:10307)
	at &lt;anonymous class&gt;.DelayedCommand.prototype.executeInternal_/h(file:///tmp/anonymous7243316087941572011webdriver-profile/extensions/fxdriver@googlecode.com/components/command-processor.js:12274)
	at &lt;anonymous class&gt;.DelayedCommand.prototype.executeInternal_(file:///tmp/anonymous7243316087941572011webdriver-profile/extensions/fxdriver@googlecode.com/components/command-processor.js:12279)
	at &lt;anonymous class&gt;.DelayedCommand.prototype.execute/&lt;(file:///tmp/anonymous7243316087941572011webdriver-profile/extensions/fxdriver@googlecode.com/components/command-processor.js:12221)
... Removed 10 stack frames</div></td></tr></table><p class="totop"><a href="#summary">back to summary</a></p><h3 id="m2">com.rc.wefunit.ConfigReaderTest#method_getProjectName_test_for_linux</h3><table class="result"></table><p class="totop"><a href="#summary">back to summary</a></p><h3 id="m3">com.rc.wefunit.ConfigReaderTest#method_getProjectName_test_for_windows</h3><table class="result"></table><p class="totop"><a href="#summary">back to summary</a></p><h3 id="m4">com.rc.wefunit.testengine.TestEngineTest#method_executeTests_tests_reports_failed_tests_arrays_size_should_be_equal_to_total_failed_tests</h3><table class="result"></table><p class="totop"><a href="#summary">back to summary</a></p><h3 id="m5">com.rc.wefunit.testengine.TestEngineTest#method_executeTests_total_executed_tests_should_equal_to_total_no_of_tests_present</h3><table class="result"></table><p class="totop"><a href="#summary">back to summary</a></p><h3 id="m6">com.rc.wefunit.testengine.TestEngineTest#method_executeTests_total_passed_tests_should_be_equal_to_total_tests_minus_total_failed_tests</h3><table class="result"></table><p class="totop"><a href="#summary">back to summary</a></p><h3 id="m7">com.rc.wefunit.testengine.TestEngineTest#method_executeTests_total_test_for_explicitly_failed_tests</h3><table class="result"></table><p class="totop"><a href="#summary">back to summary</a></p><h3 id="m8">com.rc.wefunit.testengine.TestEngineTest#method_getTestScores_returned_map_must_contain_report_document</h3><table class="result"></table><p class="totop"><a href="#summary">back to summary</a></p><h3 id="m9">com.rc.wefunit.testengine.TestEngineTest#method_getTestScores_returned_map_must_contain_score_document</h3><table class="result"></table><p class="totop"><a href="#summary">back to summary</a></p><h3 id="m10">com.rc.wefunit.testengine.TestEngineTest#method_getTestScores_validating_the_test_classes_names_inside_report_section_of_test_scoring_map</h3><table class="result"></table><p class="totop"><a href="#summary">back to summary</a></p><h3 id="m11">com.rc.wefunit.testreporting.HTMLReporterTest#method_generateHTMLTestReporting_TestReporting_html_file_basic_structure</h3><table class="result"></table><p class="totop"><a href="#summary">back to summary</a></p><h3 id="m12">com.rc.wefunit.testreporting.HTMLReporterTest#method_generateHTMLTestReporting_create_a_new_html_report_if_a_report_file_is_not_there</h3><table class="result"></table><p class="totop"><a href="#summary">back to summary</a></p><h3 id="m13">com.rc.wefunit.testreporting.HTMLReporterTest#method_generateHTMLTestReporting_delete_existing_html_report_file_then_regenerate_a_new_file</h3><table class="result"></table><p class="totop"><a href="#summary">back to summary</a></p><h3 id="m14">com.rc.wefunit.testreporting.HTMLReporterTest#method_generateHTMLTestReporting_if_reporting_directories_are_not_present_then_create_them</h3><table class="result"></table><p class="totop"><a href="#summary">back to summary</a></p><h3 id="m15">com.rc.wefunit.testreporting.HTMLReporterTest#method_generateHTMLTestReporting_must_throw_IllegalStateException_when_reporting_dir_is_not_accessible</h3><table class="result"></table><p class="totop"><a href="#summary">back to summary</a></p></body></html>