<!DOCTYPE html>

<html>
  <head>
  <title>TestNG reports</title>

    <link type="text/css" href="testng-reports.css" rel="stylesheet" />  
    <script type="text/javascript" src="jquery-1.7.1.min.js"></script>
    <script type="text/javascript" src="testng-reports.js"></script>
    <script type="text/javascript" src="https://www.google.com/jsapi"></script>
    <script type='text/javascript'>
      google.load('visualization', '1', {packages:['table']});
      google.setOnLoadCallback(drawTable);
      var suiteTableInitFunctions = new Array();
      var suiteTableData = new Array();
    </script>
    <!--
      <script type="text/javascript" src="jquery-ui/js/jquery-ui-1.8.16.custom.min.js"></script>
     -->
  </head>

  <body>
    <div class="top-banner-root">
      <span class="top-banner-title-font">Test results</span>
      <br/>
      <span class="top-banner-font-1">1 suite, 2 failed tests</span>
    </div> <!-- top-banner-root -->
    <div class="navigator-root">
      <div class="navigator-suite-header">
        <span>All suites</span>
        <a href="#" class="collapse-all-link" title="Collapse/expand all the suites">
          <img class="collapse-all-icon" src="collapseall.gif">
          </img> <!-- collapse-all-icon -->
        </a> <!-- collapse-all-link -->
      </div> <!-- navigator-suite-header -->
      <div class="suite">
        <div class="rounded-window">
          <div class="suite-header light-rounded-window-top">
            <a href="#" class="navigator-link" panel-name="suite-MainSuite">
              <span class="suite-name border-failed">MainSuite</span>
            </a> <!-- navigator-link -->
          </div> <!-- suite-header light-rounded-window-top -->
          <div class="navigator-suite-content">
            <div class="suite-section-title">
              <span>Info</span>
            </div> <!-- suite-section-title -->
            <div class="suite-section-content">
              <ul>
                <li>
                  <a href="#" class="navigator-link " panel-name="test-xml-MainSuite">
                    <span>testng.xml</span>
                  </a> <!-- navigator-link  -->
                </li>
                <li>
                  <a href="#" class="navigator-link " panel-name="testlist-MainSuite">
                    <span class="test-stats">1 test</span>
                  </a> <!-- navigator-link  -->
                </li>
                <li>
                  <a href="#" class="navigator-link " panel-name="group-MainSuite">
                    <span>0 groups</span>
                  </a> <!-- navigator-link  -->
                </li>
                <li>
                  <a href="#" class="navigator-link " panel-name="times-MainSuite">
                    <span>Times</span>
                  </a> <!-- navigator-link  -->
                </li>
                <li>
                  <a href="#" class="navigator-link " panel-name="reporter-MainSuite">
                    <span>Reporter output</span>
                  </a> <!-- navigator-link  -->
                </li>
                <li>
                  <a href="#" class="navigator-link " panel-name="ignored-methods-MainSuite">
                    <span>Ignored methods</span>
                  </a> <!-- navigator-link  -->
                </li>
                <li>
                  <a href="#" class="navigator-link " panel-name="chronological-MainSuite">
                    <span>Chronological view</span>
                  </a> <!-- navigator-link  -->
                </li>
              </ul>
            </div> <!-- suite-section-content -->
            <div class="result-section">
              <div class="suite-section-title">
                <span>Results</span>
              </div> <!-- suite-section-title -->
              <div class="suite-section-content">
                <ul>
                  <li>
                    <span class="method-stats">16 methods, 2 failed,   14 passed</span>
                  </li>
                  <li>
                    <span class="method-list-title failed">Failed methods</span>
                    <span class="show-or-hide-methods failed">
                      <a href="#" panel-name="suite-MainSuite" class="hide-methods failed suite-MainSuite"> (hide)</a> <!-- hide-methods failed suite-MainSuite -->
                      <a href="#" panel-name="suite-MainSuite" class="show-methods failed suite-MainSuite"> (show)</a> <!-- show-methods failed suite-MainSuite -->
                    </span>
                    <div class="method-list-content failed suite-MainSuite">
                      <span>
                        <img width="3%" src="failed.png"/>
                        <a href="#" class="method navigator-link" panel-name="suite-MainSuite" title="com.rc.wefunit.testreporting.HTMLReporterTest" hash-for-method="method_generateHTMLTestReporting_TestReporting_html_file_test_report_content">method_generateHTMLTestReporting_TestReporting_html_file_test_report_content</a> <!-- method navigator-link -->
                      </span>
                      <br/>
                      <span>
                        <img width="3%" src="failed.png"/>
                        <a href="#" class="method navigator-link" panel-name="suite-MainSuite" title="com.rc.wefunit.testengine.TestEngineTest" hash-for-method="method_getTestScores_returned_map_validating_failed_test_objects_structures_inside_report_failed_array">method_getTestScores_returned_map_validating_failed_test_objects_structures_inside_report_failed_array</a> <!-- method navigator-link -->
                      </span>
                      <br/>
                    </div> <!-- method-list-content failed suite-MainSuite -->
                  </li>
                  <li>
                    <span class="method-list-title passed">Passed methods</span>
                    <span class="show-or-hide-methods passed">
                      <a href="#" panel-name="suite-MainSuite" class="hide-methods passed suite-MainSuite"> (hide)</a> <!-- hide-methods passed suite-MainSuite -->
                      <a href="#" panel-name="suite-MainSuite" class="show-methods passed suite-MainSuite"> (show)</a> <!-- show-methods passed suite-MainSuite -->
                    </span>
                    <div class="method-list-content passed suite-MainSuite">
                      <span>
                        <img width="3%" src="passed.png"/>
                        <a href="#" class="method navigator-link" panel-name="suite-MainSuite" title="com.rc.wefunit.testengine.TestEngineTest" hash-for-method="method_executeTests_tests_reports_failed_tests_arrays_size_should_be_equal_to_total_failed_tests">method_executeTests_tests_reports_failed_tests_arrays_size_should_be_equal_to_total_failed_tests</a> <!-- method navigator-link -->
                      </span>
                      <br/>
                      <span>
                        <img width="3%" src="passed.png"/>
                        <a href="#" class="method navigator-link" panel-name="suite-MainSuite" title="com.rc.wefunit.testengine.TestEngineTest" hash-for-method="method_executeTests_total_executed_tests_should_equal_to_total_no_of_tests_present">method_executeTests_total_executed_tests_should_equal_to_total_no_of_tests_present</a> <!-- method navigator-link -->
                      </span>
                      <br/>
                      <span>
                        <img width="3%" src="passed.png"/>
                        <a href="#" class="method navigator-link" panel-name="suite-MainSuite" title="com.rc.wefunit.testengine.TestEngineTest" hash-for-method="method_executeTests_total_passed_tests_should_be_equal_to_total_tests_minus_total_failed_tests">method_executeTests_total_passed_tests_should_be_equal_to_total_tests_minus_total_failed_tests</a> <!-- method navigator-link -->
                      </span>
                      <br/>
                      <span>
                        <img width="3%" src="passed.png"/>
                        <a href="#" class="method navigator-link" panel-name="suite-MainSuite" title="com.rc.wefunit.testengine.TestEngineTest" hash-for-method="method_executeTests_total_test_for_explicitly_failed_tests">method_executeTests_total_test_for_explicitly_failed_tests</a> <!-- method navigator-link -->
                      </span>
                      <br/>
                      <span>
                        <img width="3%" src="passed.png"/>
                        <a href="#" class="method navigator-link" panel-name="suite-MainSuite" title="com.rc.wefunit.testreporting.HTMLReporterTest" hash-for-method="method_generateHTMLTestReporting_TestReporting_html_file_basic_structure">method_generateHTMLTestReporting_TestReporting_html_file_basic_structure</a> <!-- method navigator-link -->
                      </span>
                      <br/>
                      <span>
                        <img width="3%" src="passed.png"/>
                        <a href="#" class="method navigator-link" panel-name="suite-MainSuite" title="com.rc.wefunit.testreporting.HTMLReporterTest" hash-for-method="method_generateHTMLTestReporting_create_a_new_html_report_if_a_report_file_is_not_there">method_generateHTMLTestReporting_create_a_new_html_report_if_a_report_file_is_not_there</a> <!-- method navigator-link -->
                      </span>
                      <br/>
                      <span>
                        <img width="3%" src="passed.png"/>
                        <a href="#" class="method navigator-link" panel-name="suite-MainSuite" title="com.rc.wefunit.testreporting.HTMLReporterTest" hash-for-method="method_generateHTMLTestReporting_delete_existing_html_report_file_then_regenerate_a_new_file">method_generateHTMLTestReporting_delete_existing_html_report_file_then_regenerate_a_new_file</a> <!-- method navigator-link -->
                      </span>
                      <br/>
                      <span>
                        <img width="3%" src="passed.png"/>
                        <a href="#" class="method navigator-link" panel-name="suite-MainSuite" title="com.rc.wefunit.testreporting.HTMLReporterTest" hash-for-method="method_generateHTMLTestReporting_if_reporting_directories_are_not_present_then_create_them">method_generateHTMLTestReporting_if_reporting_directories_are_not_present_then_create_them</a> <!-- method navigator-link -->
                      </span>
                      <br/>
                      <span>
                        <img width="3%" src="passed.png"/>
                        <a href="#" class="method navigator-link" panel-name="suite-MainSuite" title="com.rc.wefunit.testreporting.HTMLReporterTest" hash-for-method="method_generateHTMLTestReporting_must_throw_IllegalStateException_when_reporting_dir_is_not_accessible">method_generateHTMLTestReporting_must_throw_IllegalStateException_when_reporting_dir_is_not_accessible</a> <!-- method navigator-link -->
                      </span>
                      <br/>
                      <span>
                        <img width="3%" src="passed.png"/>
                        <a href="#" class="method navigator-link" panel-name="suite-MainSuite" title="com.rc.wefunit.ConfigReaderTest" hash-for-method="method_getProjectName_test_for_linux">method_getProjectName_test_for_linux</a> <!-- method navigator-link -->
                      </span>
                      <br/>
                      <span>
                        <img width="3%" src="passed.png"/>
                        <a href="#" class="method navigator-link" panel-name="suite-MainSuite" title="com.rc.wefunit.ConfigReaderTest" hash-for-method="method_getProjectName_test_for_windows">method_getProjectName_test_for_windows</a> <!-- method navigator-link -->
                      </span>
                      <br/>
                      <span>
                        <img width="3%" src="passed.png"/>
                        <a href="#" class="method navigator-link" panel-name="suite-MainSuite" title="com.rc.wefunit.testengine.TestEngineTest" hash-for-method="method_getTestScores_returned_map_must_contain_report_document">method_getTestScores_returned_map_must_contain_report_document</a> <!-- method navigator-link -->
                      </span>
                      <br/>
                      <span>
                        <img width="3%" src="passed.png"/>
                        <a href="#" class="method navigator-link" panel-name="suite-MainSuite" title="com.rc.wefunit.testengine.TestEngineTest" hash-for-method="method_getTestScores_returned_map_must_contain_score_document">method_getTestScores_returned_map_must_contain_score_document</a> <!-- method navigator-link -->
                      </span>
                      <br/>
                      <span>
                        <img width="3%" src="passed.png"/>
                        <a href="#" class="method navigator-link" panel-name="suite-MainSuite" title="com.rc.wefunit.testengine.TestEngineTest" hash-for-method="method_getTestScores_validating_the_test_classes_names_inside_report_section_of_test_scoring_map">method_getTestScores_validating_the_test_classes_names_inside_report_section_of_test_scoring_map</a> <!-- method navigator-link -->
                      </span>
                      <br/>
                    </div> <!-- method-list-content passed suite-MainSuite -->
                  </li>
                </ul>
              </div> <!-- suite-section-content -->
            </div> <!-- result-section -->
          </div> <!-- navigator-suite-content -->
        </div> <!-- rounded-window -->
      </div> <!-- suite -->
    </div> <!-- navigator-root -->
    <div class="wrapper">
      <div class="main-panel-root">
        <div panel-name="suite-MainSuite" class="panel MainSuite">
          <div class="suite-MainSuite-class-failed">
            <div class="main-panel-header rounded-window-top">
              <img src="failed.png"/>
              <span class="class-name">com.rc.wefunit.testengine.TestEngineTest</span>
            </div> <!-- main-panel-header rounded-window-top -->
            <div class="main-panel-content rounded-window-bottom">
              <div class="method">
                <div class="method-content">
                  <a name="method_getTestScores_returned_map_validating_failed_test_objects_structures_inside_report_failed_array">
                  </a> <!-- method_getTestScores_returned_map_validating_failed_test_objects_structures_inside_report_failed_array -->
                  <span class="method-name">method_getTestScores_returned_map_validating_failed_test_objects_structures_inside_report_failed_array</span>
                  <div class="stack-trace">mockit.internal.MissingInvocation: Missing 1 invocation to:
com.bowstreet.util.SystemProperties#getWebInfDir()
Caused by: Missing invocations
	at com.bowstreet.util.SystemProperties.getWebInfDir(SystemProperties.java)
	at com.rc.wefunit.TestRunnerBaseClass$1.&lt;init&gt;(TestRunnerBaseClass.java:23)
	at com.rc.wefunit.TestRunnerBaseClass.runTests(TestRunnerBaseClass.java:22)
	at com.rc.wefunit.testengine.TestEngineTest.method_getTestScores_returned_map_validating_failed_test_objects_structures_inside_report_failed_array(TestEngineTest.java:122)
	... 6 more
... Removed 8 stack frames
</div> <!-- stack-trace -->
                </div> <!-- method-content -->
              </div> <!-- method -->
            </div> <!-- main-panel-content rounded-window-bottom -->
          </div> <!-- suite-MainSuite-class-failed -->
          <div class="suite-MainSuite-class-failed">
            <div class="main-panel-header rounded-window-top">
              <img src="failed.png"/>
              <span class="class-name">com.rc.wefunit.testreporting.HTMLReporterTest</span>
            </div> <!-- main-panel-header rounded-window-top -->
            <div class="main-panel-content rounded-window-bottom">
              <div class="method">
                <div class="method-content">
                  <a name="method_generateHTMLTestReporting_TestReporting_html_file_test_report_content">
                  </a> <!-- method_generateHTMLTestReporting_TestReporting_html_file_test_report_content -->
                  <span class="method-name">method_generateHTMLTestReporting_TestReporting_html_file_test_report_content</span>
                  <div class="stack-trace">org.openqa.selenium.InvalidSelectorException: The given selector li[name=&quot;failed_test_item&quot; is either invalid or does not result in a WebElement. The following error occurred:
InvalidSelectorError: An invalid or illegal selector was specified
Command duration or timeout: 55 milliseconds
For documentation on this error, please visit: http://seleniumhq.org/exceptions/invalid_selector_exception.html
Build info: version: &apos;2.45.0&apos;, revision: &apos;5017cb8e7ca8e37638dc3091b2440b90a1d8686f&apos;, time: &apos;2015-02-27 09:10:26&apos;
System info: host: &apos;ubuntu&apos;, ip: &apos;127.0.1.1&apos;, os.name: &apos;Linux&apos;, os.arch: &apos;amd64&apos;, os.version: &apos;3.13.0-32-generic&apos;, java.version: &apos;1.8.0_11&apos;
Driver info: org.openqa.selenium.firefox.FirefoxDriver
Capabilities [{applicationCacheEnabled=true, rotatable=false, handlesAlerts=true, databaseEnabled=true, version=31.0, platform=LINUX, nativeEvents=false, acceptSslCerts=true, webStorageEnabled=true, locationContextEnabled=true, browserName=firefox, takesScreenshot=true, javascriptEnabled=true, cssSelectorsEnabled=true}]
Session ID: 5fe15281-d3e9-45ab-9e6d-6b3ae29a6f3e
*** Element info: {Using=css selector, value=li[name=&quot;failed_test_item&quot;}
	at org.openqa.selenium.remote.ErrorHandler.createThrowable(ErrorHandler.java:204)
	at org.openqa.selenium.remote.ErrorHandler.throwIfResponseFailed(ErrorHandler.java:156)
	at org.openqa.selenium.remote.RemoteWebDriver.execute(RemoteWebDriver.java:599)
	at org.openqa.selenium.remote.RemoteWebDriver.findElements(RemoteWebDriver.java:377)
	at org.openqa.selenium.remote.RemoteWebDriver.findElementsByCssSelector(RemoteWebDriver.java:445)
	at org.openqa.selenium.By$ByCssSelector.findElements(By.java:436)
	at org.openqa.selenium.remote.RemoteWebDriver.findElements(RemoteWebDriver.java:340)
	at com.rc.wefunit.testreporting.HTMLReporterTest.method_generateHTMLTestReporting_TestReporting_html_file_test_report_content(HTMLReporterTest.java:228)
Caused by: org.openqa.selenium.InvalidSelectorException: The given selector li[name=&quot;failed_test_item&quot; is either invalid or does not result in a WebElement. The following error occurred:
InvalidSelectorError: An invalid or illegal selector was specified
For documentation on this error, please visit: http://seleniumhq.org/exceptions/invalid_selector_exception.html
Build info: version: &apos;2.45.0&apos;, revision: &apos;5017cb8e7ca8e37638dc3091b2440b90a1d8686f&apos;, time: &apos;2015-02-27 09:10:26&apos;
System info: host: &apos;ubuntu&apos;, ip: &apos;127.0.1.1&apos;, os.name: &apos;Linux&apos;, os.arch: &apos;amd64&apos;, os.version: &apos;3.13.0-32-generic&apos;, java.version: &apos;1.8.0_11&apos;
Driver info: driver.version: unknown
	at &lt;anonymous class&gt;.FirefoxDriver.annotateInvalidSelectorError_(file:///tmp/anonymous7243316087941572011webdriver-profile/extensions/fxdriver@googlecode.com/components/driver-component.js:10245)
	at &lt;anonymous class&gt;.FirefoxDriver.prototype.findElementsInternal_(file:///tmp/anonymous7243316087941572011webdriver-profile/extensions/fxdriver@googlecode.com/components/driver-component.js:10303)
	at &lt;anonymous class&gt;.FirefoxDriver.prototype.findElements(file:///tmp/anonymous7243316087941572011webdriver-profile/extensions/fxdriver@googlecode.com/components/driver-component.js:10307)
	at &lt;anonymous class&gt;.DelayedCommand.prototype.executeInternal_/h(file:///tmp/anonymous7243316087941572011webdriver-profile/extensions/fxdriver@googlecode.com/components/command-processor.js:12274)
	at &lt;anonymous class&gt;.DelayedCommand.prototype.executeInternal_(file:///tmp/anonymous7243316087941572011webdriver-profile/extensions/fxdriver@googlecode.com/components/command-processor.js:12279)
	at &lt;anonymous class&gt;.DelayedCommand.prototype.execute/&lt;(file:///tmp/anonymous7243316087941572011webdriver-profile/extensions/fxdriver@googlecode.com/components/command-processor.js:12221)
... Removed 10 stack frames
</div> <!-- stack-trace -->
                </div> <!-- method-content -->
              </div> <!-- method -->
            </div> <!-- main-panel-content rounded-window-bottom -->
          </div> <!-- suite-MainSuite-class-failed -->
          <div class="suite-MainSuite-class-passed">
            <div class="main-panel-header rounded-window-top">
              <img src="passed.png"/>
              <span class="class-name">com.rc.wefunit.testengine.TestEngineTest</span>
            </div> <!-- main-panel-header rounded-window-top -->
            <div class="main-panel-content rounded-window-bottom">
              <div class="method">
                <div class="method-content">
                  <a name="method_executeTests_tests_reports_failed_tests_arrays_size_should_be_equal_to_total_failed_tests">
                  </a> <!-- method_executeTests_tests_reports_failed_tests_arrays_size_should_be_equal_to_total_failed_tests -->
                  <span class="method-name">method_executeTests_tests_reports_failed_tests_arrays_size_should_be_equal_to_total_failed_tests</span>
                </div> <!-- method-content -->
              </div> <!-- method -->
              <div class="method">
                <div class="method-content">
                  <a name="method_executeTests_total_executed_tests_should_equal_to_total_no_of_tests_present">
                  </a> <!-- method_executeTests_total_executed_tests_should_equal_to_total_no_of_tests_present -->
                  <span class="method-name">method_executeTests_total_executed_tests_should_equal_to_total_no_of_tests_present</span>
                </div> <!-- method-content -->
              </div> <!-- method -->
              <div class="method">
                <div class="method-content">
                  <a name="method_executeTests_total_passed_tests_should_be_equal_to_total_tests_minus_total_failed_tests">
                  </a> <!-- method_executeTests_total_passed_tests_should_be_equal_to_total_tests_minus_total_failed_tests -->
                  <span class="method-name">method_executeTests_total_passed_tests_should_be_equal_to_total_tests_minus_total_failed_tests</span>
                </div> <!-- method-content -->
              </div> <!-- method -->
              <div class="method">
                <div class="method-content">
                  <a name="method_executeTests_total_test_for_explicitly_failed_tests">
                  </a> <!-- method_executeTests_total_test_for_explicitly_failed_tests -->
                  <span class="method-name">method_executeTests_total_test_for_explicitly_failed_tests</span>
                </div> <!-- method-content -->
              </div> <!-- method -->
              <div class="method">
                <div class="method-content">
                  <a name="method_getTestScores_returned_map_must_contain_report_document">
                  </a> <!-- method_getTestScores_returned_map_must_contain_report_document -->
                  <span class="method-name">method_getTestScores_returned_map_must_contain_report_document</span>
                </div> <!-- method-content -->
              </div> <!-- method -->
              <div class="method">
                <div class="method-content">
                  <a name="method_getTestScores_returned_map_must_contain_score_document">
                  </a> <!-- method_getTestScores_returned_map_must_contain_score_document -->
                  <span class="method-name">method_getTestScores_returned_map_must_contain_score_document</span>
                </div> <!-- method-content -->
              </div> <!-- method -->
              <div class="method">
                <div class="method-content">
                  <a name="method_getTestScores_validating_the_test_classes_names_inside_report_section_of_test_scoring_map">
                  </a> <!-- method_getTestScores_validating_the_test_classes_names_inside_report_section_of_test_scoring_map -->
                  <span class="method-name">method_getTestScores_validating_the_test_classes_names_inside_report_section_of_test_scoring_map</span>
                </div> <!-- method-content -->
              </div> <!-- method -->
            </div> <!-- main-panel-content rounded-window-bottom -->
          </div> <!-- suite-MainSuite-class-passed -->
          <div class="suite-MainSuite-class-passed">
            <div class="main-panel-header rounded-window-top">
              <img src="passed.png"/>
              <span class="class-name">com.rc.wefunit.ConfigReaderTest</span>
            </div> <!-- main-panel-header rounded-window-top -->
            <div class="main-panel-content rounded-window-bottom">
              <div class="method">
                <div class="method-content">
                  <a name="method_getProjectName_test_for_linux">
                  </a> <!-- method_getProjectName_test_for_linux -->
                  <span class="method-name">method_getProjectName_test_for_linux</span>
                </div> <!-- method-content -->
              </div> <!-- method -->
              <div class="method">
                <div class="method-content">
                  <a name="method_getProjectName_test_for_windows">
                  </a> <!-- method_getProjectName_test_for_windows -->
                  <span class="method-name">method_getProjectName_test_for_windows</span>
                </div> <!-- method-content -->
              </div> <!-- method -->
            </div> <!-- main-panel-content rounded-window-bottom -->
          </div> <!-- suite-MainSuite-class-passed -->
          <div class="suite-MainSuite-class-passed">
            <div class="main-panel-header rounded-window-top">
              <img src="passed.png"/>
              <span class="class-name">com.rc.wefunit.testreporting.HTMLReporterTest</span>
            </div> <!-- main-panel-header rounded-window-top -->
            <div class="main-panel-content rounded-window-bottom">
              <div class="method">
                <div class="method-content">
                  <a name="method_generateHTMLTestReporting_TestReporting_html_file_basic_structure">
                  </a> <!-- method_generateHTMLTestReporting_TestReporting_html_file_basic_structure -->
                  <span class="method-name">method_generateHTMLTestReporting_TestReporting_html_file_basic_structure</span>
                </div> <!-- method-content -->
              </div> <!-- method -->
              <div class="method">
                <div class="method-content">
                  <a name="method_generateHTMLTestReporting_create_a_new_html_report_if_a_report_file_is_not_there">
                  </a> <!-- method_generateHTMLTestReporting_create_a_new_html_report_if_a_report_file_is_not_there -->
                  <span class="method-name">method_generateHTMLTestReporting_create_a_new_html_report_if_a_report_file_is_not_there</span>
                </div> <!-- method-content -->
              </div> <!-- method -->
              <div class="method">
                <div class="method-content">
                  <a name="method_generateHTMLTestReporting_delete_existing_html_report_file_then_regenerate_a_new_file">
                  </a> <!-- method_generateHTMLTestReporting_delete_existing_html_report_file_then_regenerate_a_new_file -->
                  <span class="method-name">method_generateHTMLTestReporting_delete_existing_html_report_file_then_regenerate_a_new_file</span>
                </div> <!-- method-content -->
              </div> <!-- method -->
              <div class="method">
                <div class="method-content">
                  <a name="method_generateHTMLTestReporting_if_reporting_directories_are_not_present_then_create_them">
                  </a> <!-- method_generateHTMLTestReporting_if_reporting_directories_are_not_present_then_create_them -->
                  <span class="method-name">method_generateHTMLTestReporting_if_reporting_directories_are_not_present_then_create_them</span>
                </div> <!-- method-content -->
              </div> <!-- method -->
              <div class="method">
                <div class="method-content">
                  <a name="method_generateHTMLTestReporting_must_throw_IllegalStateException_when_reporting_dir_is_not_accessible">
                  </a> <!-- method_generateHTMLTestReporting_must_throw_IllegalStateException_when_reporting_dir_is_not_accessible -->
                  <span class="method-name">method_generateHTMLTestReporting_must_throw_IllegalStateException_when_reporting_dir_is_not_accessible</span>
                </div> <!-- method-content -->
              </div> <!-- method -->
            </div> <!-- main-panel-content rounded-window-bottom -->
          </div> <!-- suite-MainSuite-class-passed -->
        </div> <!-- panel MainSuite -->
        <div panel-name="test-xml-MainSuite" class="panel">
          <div class="main-panel-header rounded-window-top">
            <span class="header-content">/home/affan/Development/NetBeansProjects/wef-test-harness/wefunit-test/testng.xml</span>
          </div> <!-- main-panel-header rounded-window-top -->
          <div class="main-panel-content rounded-window-bottom">
            <pre>
&lt;?xml version=&quot;1.0&quot; encoding=&quot;UTF-8&quot;?&gt;
&lt;!DOCTYPE suite SYSTEM &quot;http://testng.org/testng-1.0.dtd&quot;&gt;
&lt;suite verbose=&quot;0&quot; name=&quot;MainSuite&quot;&gt;
  &lt;parameter name=&quot;WEB-INF-path-fixture&quot; value=&quot;samplewefproject/WebContent/WEB-INF&quot;/&gt;
  &lt;parameter name=&quot;document-root-linux&quot; value=&quot;/home/user/samplewefproject.ear/samplewefproject.war&quot;/&gt;
  &lt;parameter name=&quot;document-root-win&quot; value=&quot;c:\projects\samplewefproject.ear\samplewefproject.war&quot;/&gt;
  &lt;parameter name=&quot;logging-reporting-dir-name&quot; value=&quot;testreports&quot;/&gt;
  &lt;parameter name=&quot;wef-project-name&quot; value=&quot;samplewefproject&quot;/&gt;
  &lt;parameter name=&quot;logging-base-dir-name&quot; value=&quot;wefunitlogs&quot;/&gt;
  &lt;parameter name=&quot;config-file-name&quot; value=&quot;wefunit.xml&quot;/&gt;
  &lt;test name=&quot;ExecuteAll&quot;&gt;
    &lt;packages&gt;
      &lt;package name=&quot;.*&quot;/&gt;
    &lt;/packages&gt;
    &lt;classes&gt;
      &lt;class name=&quot;com.rc.wefunit.ConfigReaderTest$3&quot;/&gt;
      &lt;class name=&quot;com.rc.wefunit.CommonTestFixtures$2&quot;/&gt;
      &lt;class name=&quot;com.rc.wefunit.CommonTestFixtures&quot;/&gt;
      &lt;class name=&quot;com.rc.wefunit.testengine.TestEngineTest&quot;/&gt;
      &lt;class name=&quot;com.rc.wefunit.testengine.TestEngineTest$1&quot;/&gt;
      &lt;class name=&quot;com.rc.wefunit.ConfigReaderTest&quot;/&gt;
      &lt;class name=&quot;com.rc.wefunit.ConfigReaderTest$4&quot;/&gt;
      &lt;class name=&quot;com.rc.wefunit.TestRunnerBaseClass&quot;/&gt;
      &lt;class name=&quot;com.rc.wefunit.testreporting.HTMLReporterTest&quot;/&gt;
      &lt;class name=&quot;com.rc.wefunit.testreporting.HTMLReporterTest$1&quot;/&gt;
      &lt;class name=&quot;com.rc.wefunit.testreporting.HTMLReporterTest$DirCleaner&quot;/&gt;
      &lt;class name=&quot;com.rc.wefunit.TestRunnerBaseClass$1&quot;/&gt;
      &lt;class name=&quot;com.rc.wefunit.ConfigReaderTest$1&quot;/&gt;
      &lt;class name=&quot;com.rc.wefunit.CommonUtilsTest&quot;/&gt;
      &lt;class name=&quot;com.rc.wefunit.ConfigReaderTest$2&quot;/&gt;
      &lt;class name=&quot;com.rc.wefunit.CommonTestFixtures$1&quot;/&gt;
      &lt;class name=&quot;wefunittest.App&quot;/&gt;
      &lt;class name=&quot;test.models.test.services.Service1Test.GetAccountsDetailSOTest&quot;/&gt;
      &lt;class name=&quot;test.models.test.services.Service1Test.SOThree&quot;/&gt;
      &lt;class name=&quot;test.models.test.services.Service1Test.GetUserInfoSOTest&quot;/&gt;
      &lt;class name=&quot;test.models.test.services.Service1Test.GetTransactionReportsSO_Test&quot;/&gt;
      &lt;class name=&quot;com.rc.wefunit.Factories$RunnerFactory&quot;/&gt;
      &lt;class name=&quot;com.rc.wefunit.Factories$TestClassInstantiationUtilityFactory&quot;/&gt;
      &lt;class name=&quot;com.rc.wefunit.Factories$TestClassStatsFactory&quot;/&gt;
      &lt;class name=&quot;com.rc.wefunit.DependencySignature&quot;/&gt;
      &lt;class name=&quot;com.rc.wefunit.annotations.Test&quot;/&gt;
      &lt;class name=&quot;com.rc.wefunit.annotations.ServiceConsumerFixtures&quot;/&gt;
      &lt;class name=&quot;com.rc.wefunit.annotations.BeforeClass&quot;/&gt;
      &lt;class name=&quot;com.rc.wefunit.annotations.Inject&quot;/&gt;
      &lt;class name=&quot;com.rc.wefunit.annotations.Produces&quot;/&gt;
      &lt;class name=&quot;com.rc.wefunit.annotations.GenericSODependency&quot;/&gt;
      &lt;class name=&quot;com.rc.wefunit.annotations.Qualifier&quot;/&gt;
      &lt;class name=&quot;com.rc.wefunit.enums.GenericSOInjectables&quot;/&gt;
      &lt;class name=&quot;com.rc.wefunit.probes.Assert&quot;/&gt;
      &lt;class name=&quot;com.rc.wefunit.DefaultFixtureDependencyInjectorUtility$1&quot;/&gt;
      &lt;class name=&quot;com.rc.wefunit.DefaultRunner$1TestClassesComparator&quot;/&gt;
      &lt;class name=&quot;com.rc.wefunit.testengine.TestEngine&quot;/&gt;
      &lt;class name=&quot;com.rc.wefunit.testengine.DefaultTestEngine&quot;/&gt;
      &lt;class name=&quot;com.rc.wefunit.DefaultRunner$FileTreeWalker&quot;/&gt;
      &lt;class name=&quot;com.rc.wefunit.DefaultRunner$FileTreeWalker$DirectoryFilter&quot;/&gt;
      &lt;class name=&quot;com.rc.wefunit.Factories$FixtureDependencyInjectorUtilityFactory&quot;/&gt;
      &lt;class name=&quot;com.rc.wefunit.FixtureDependency&quot;/&gt;
      &lt;class name=&quot;com.rc.wefunit.FixtureDependencyInjectorUtility&quot;/&gt;
      &lt;class name=&quot;com.rc.wefunit.testreporting.DefaultHTMLReporter$1&quot;/&gt;
      &lt;class name=&quot;com.rc.wefunit.testreporting.HTMLReporter&quot;/&gt;
      &lt;class name=&quot;com.rc.wefunit.testreporting.DefaultHTMLReporter$TestReportingGenerator&quot;/&gt;
      &lt;class name=&quot;com.rc.wefunit.testreporting.DefaultHTMLReporter&quot;/&gt;
      &lt;class name=&quot;com.rc.wefunit.CommonUtils&quot;/&gt;
      &lt;class name=&quot;com.rc.wefunit.DependencyScanner&quot;/&gt;
      &lt;class name=&quot;com.rc.wefunit.Factories$ConfigReaderFactory&quot;/&gt;
      &lt;class name=&quot;com.rc.wefunit.DefaultTestClassInstantiationUtility$1InjectableFieldsFilter&quot;/&gt;
      &lt;class name=&quot;com.rc.wefunit.TestClassInstantiationUtility&quot;/&gt;
      &lt;class name=&quot;com.rc.wefunit.DefaultRunner$TestClassFileVisitor&quot;/&gt;
      &lt;class name=&quot;com.rc.wefunit.Runner&quot;/&gt;
      &lt;class name=&quot;com.rc.wefunit.Factories$HTMLReporterFactory&quot;/&gt;
      &lt;class name=&quot;com.rc.wefunit.Factories$CommonUtilsFactory&quot;/&gt;
      &lt;class name=&quot;com.rc.wefunit.producers.FactoryProducers&quot;/&gt;
      &lt;class name=&quot;com.rc.wefunit.Factories$DependencyScannerFactory&quot;/&gt;
      &lt;class name=&quot;com.rc.wefunit.DefaultTestClassInstantiationUtility&quot;/&gt;
      &lt;class name=&quot;com.rc.wefunit.DefaultConfigReader&quot;/&gt;
      &lt;class name=&quot;com.rc.wefunit.Factories$TestEngineFactory&quot;/&gt;
      &lt;class name=&quot;com.rc.wefunit.DefaultRunner&quot;/&gt;
      &lt;class name=&quot;com.rc.wefunit.TestClassStats&quot;/&gt;
      &lt;class name=&quot;com.rc.wefunit.Factories&quot;/&gt;
      &lt;class name=&quot;com.rc.wefunit.DefaultDependencyScanner&quot;/&gt;
      &lt;class name=&quot;com.rc.wefunit.DefaultRunner$1&quot;/&gt;
      &lt;class name=&quot;com.rc.wefunit.ConfigReader&quot;/&gt;
      &lt;class name=&quot;com.rc.wefunit.GenericServiceOperationTest&quot;/&gt;
      &lt;class name=&quot;com.rc.wefunit.DefaultFixtureDependencyInjectorUtility&quot;/&gt;
    &lt;/classes&gt;
  &lt;/test&gt; &lt;!-- ExecuteAll --&gt;
&lt;/suite&gt; &lt;!-- MainSuite --&gt;
            </pre>
          </div> <!-- main-panel-content rounded-window-bottom -->
        </div> <!-- panel -->
        <div panel-name="testlist-MainSuite" class="panel">
          <div class="main-panel-header rounded-window-top">
            <span class="header-content">Tests for MainSuite</span>
          </div> <!-- main-panel-header rounded-window-top -->
          <div class="main-panel-content rounded-window-bottom">
            <ul>
              <li>
                <span class="test-name">ExecuteAll (69 classes)</span>
              </li>
            </ul>
          </div> <!-- main-panel-content rounded-window-bottom -->
        </div> <!-- panel -->
        <div panel-name="group-MainSuite" class="panel">
          <div class="main-panel-header rounded-window-top">
            <span class="header-content">Groups for MainSuite</span>
          </div> <!-- main-panel-header rounded-window-top -->
          <div class="main-panel-content rounded-window-bottom">
          </div> <!-- main-panel-content rounded-window-bottom -->
        </div> <!-- panel -->
        <div panel-name="times-MainSuite" class="panel">
          <div class="main-panel-header rounded-window-top">
            <span class="header-content">Times for MainSuite</span>
          </div> <!-- main-panel-header rounded-window-top -->
          <div class="main-panel-content rounded-window-bottom">
            <div class="times-div">
              <script type="text/javascript">
suiteTableInitFunctions.push('tableData_MainSuite');
function tableData_MainSuite() {
var data = new google.visualization.DataTable();
data.addColumn('number', 'Number');
data.addColumn('string', 'Method');
data.addColumn('string', 'Class');
data.addColumn('number', 'Time (ms)');
data.addRows(16);
data.setCell(0, 0, 0)
data.setCell(0, 1, 'method_generateHTMLTestReporting_TestReporting_html_file_basic_structure')
data.setCell(0, 2, 'com.rc.wefunit.testreporting.HTMLReporterTest')
data.setCell(0, 3, 3983);
data.setCell(1, 0, 1)
data.setCell(1, 1, 'method_generateHTMLTestReporting_TestReporting_html_file_test_report_content')
data.setCell(1, 2, 'com.rc.wefunit.testreporting.HTMLReporterTest')
data.setCell(1, 3, 2409);
data.setCell(2, 0, 2)
data.setCell(2, 1, 'method_executeTests_tests_reports_failed_tests_arrays_size_should_be_equal_to_total_failed_tests')
data.setCell(2, 2, 'com.rc.wefunit.testengine.TestEngineTest')
data.setCell(2, 3, 269);
data.setCell(3, 0, 3)
data.setCell(3, 1, 'method_generateHTMLTestReporting_must_throw_IllegalStateException_when_reporting_dir_is_not_accessible')
data.setCell(3, 2, 'com.rc.wefunit.testreporting.HTMLReporterTest')
data.setCell(3, 3, 165);
data.setCell(4, 0, 4)
data.setCell(4, 1, 'method_executeTests_total_test_for_explicitly_failed_tests')
data.setCell(4, 2, 'com.rc.wefunit.testengine.TestEngineTest')
data.setCell(4, 3, 30);
data.setCell(5, 0, 5)
data.setCell(5, 1, 'method_getProjectName_test_for_linux')
data.setCell(5, 2, 'com.rc.wefunit.ConfigReaderTest')
data.setCell(5, 3, 25);
data.setCell(6, 0, 6)
data.setCell(6, 1, 'method_getTestScores_validating_the_test_classes_names_inside_report_section_of_test_scoring_map')
data.setCell(6, 2, 'com.rc.wefunit.testengine.TestEngineTest')
data.setCell(6, 3, 21);
data.setCell(7, 0, 7)
data.setCell(7, 1, 'method_executeTests_total_passed_tests_should_be_equal_to_total_tests_minus_total_failed_tests')
data.setCell(7, 2, 'com.rc.wefunit.testengine.TestEngineTest')
data.setCell(7, 3, 19);
data.setCell(8, 0, 8)
data.setCell(8, 1, 'method_executeTests_total_executed_tests_should_equal_to_total_no_of_tests_present')
data.setCell(8, 2, 'com.rc.wefunit.testengine.TestEngineTest')
data.setCell(8, 3, 18);
data.setCell(9, 0, 9)
data.setCell(9, 1, 'method_getProjectName_test_for_windows')
data.setCell(9, 2, 'com.rc.wefunit.ConfigReaderTest')
data.setCell(9, 3, 10);
data.setCell(10, 0, 10)
data.setCell(10, 1, 'method_generateHTMLTestReporting_delete_existing_html_report_file_then_regenerate_a_new_file')
data.setCell(10, 2, 'com.rc.wefunit.testreporting.HTMLReporterTest')
data.setCell(10, 3, 10);
data.setCell(11, 0, 11)
data.setCell(11, 1, 'method_generateHTMLTestReporting_create_a_new_html_report_if_a_report_file_is_not_there')
data.setCell(11, 2, 'com.rc.wefunit.testreporting.HTMLReporterTest')
data.setCell(11, 3, 9);
data.setCell(12, 0, 12)
data.setCell(12, 1, 'method_getTestScores_returned_map_validating_failed_test_objects_structures_inside_report_failed_array')
data.setCell(12, 2, 'com.rc.wefunit.testengine.TestEngineTest')
data.setCell(12, 3, 5);
data.setCell(13, 0, 13)
data.setCell(13, 1, 'method_generateHTMLTestReporting_if_reporting_directories_are_not_present_then_create_them')
data.setCell(13, 2, 'com.rc.wefunit.testreporting.HTMLReporterTest')
data.setCell(13, 3, 3);
data.setCell(14, 0, 14)
data.setCell(14, 1, 'method_getTestScores_returned_map_must_contain_report_document')
data.setCell(14, 2, 'com.rc.wefunit.testengine.TestEngineTest')
data.setCell(14, 3, 1);
data.setCell(15, 0, 15)
data.setCell(15, 1, 'method_getTestScores_returned_map_must_contain_score_document')
data.setCell(15, 2, 'com.rc.wefunit.testengine.TestEngineTest')
data.setCell(15, 3, 0);
window.suiteTableData['MainSuite']= { tableData: data, tableDiv: 'times-div-MainSuite'}
return data;
}
              </script>
              <span class="suite-total-time">Total running time: 6 seconds</span>
              <div id="times-div-MainSuite">
              </div> <!-- times-div-MainSuite -->
            </div> <!-- times-div -->
          </div> <!-- main-panel-content rounded-window-bottom -->
        </div> <!-- panel -->
        <div panel-name="reporter-MainSuite" class="panel">
          <div class="main-panel-header rounded-window-top">
            <span class="header-content">Reporter output for MainSuite</span>
          </div> <!-- main-panel-header rounded-window-top -->
          <div class="main-panel-content rounded-window-bottom">
          </div> <!-- main-panel-content rounded-window-bottom -->
        </div> <!-- panel -->
        <div panel-name="ignored-methods-MainSuite" class="panel">
          <div class="main-panel-header rounded-window-top">
            <span class="header-content">2 ignored methods</span>
          </div> <!-- main-panel-header rounded-window-top -->
          <div class="main-panel-content rounded-window-bottom">
            <div class="ignored-class-div">
              <span class="ignored-class-name">com.rc.wefunit.ConfigReaderTest</span>
              <div class="ignored-methods-div">
                <span class="ignored-method-name">method_getBaseDirPathForLogging_must_return_user_home_when_a_config_file_is_present_but_no_logging_dir_element_is_there</span>
                <br/>
                <span class="ignored-method-name">method_getBaseDirPathForLogging_must_return_user_home_when_no_wefunit_xml_file_is_present</span>
                <br/>
              </div> <!-- ignored-methods-div -->
            </div> <!-- ignored-class-div -->
          </div> <!-- main-panel-content rounded-window-bottom -->
        </div> <!-- panel -->
        <div panel-name="chronological-MainSuite" class="panel">
          <div class="main-panel-header rounded-window-top">
            <span class="header-content">Methods in chronological order</span>
          </div> <!-- main-panel-header rounded-window-top -->
          <div class="main-panel-content rounded-window-bottom">
            <div class="chronological-class">
              <div class="chronological-class-name">com.rc.wefunit.testengine.TestEngineTest</div> <!-- chronological-class-name -->
              <div class="test-method">
                <span class="method-name">method_executeTests_tests_reports_failed_tests_arrays_size_should_be_equal_to_total_failed_tests</span>
                <span class="method-start">0 ms</span>
              </div> <!-- test-method -->
              <div class="test-method">
                <span class="method-name">method_executeTests_total_executed_tests_should_equal_to_total_no_of_tests_present</span>
                <span class="method-start">271 ms</span>
              </div> <!-- test-method -->
              <div class="test-method">
                <span class="method-name">method_executeTests_total_passed_tests_should_be_equal_to_total_tests_minus_total_failed_tests</span>
                <span class="method-start">290 ms</span>
              </div> <!-- test-method -->
              <div class="test-method">
                <span class="method-name">method_executeTests_total_test_for_explicitly_failed_tests</span>
                <span class="method-start">314 ms</span>
              </div> <!-- test-method -->
              <div class="test-method">
                <span class="method-name">method_getTestScores_returned_map_must_contain_report_document</span>
                <span class="method-start">347 ms</span>
              </div> <!-- test-method -->
              <div class="test-method">
                <span class="method-name">method_getTestScores_returned_map_must_contain_score_document</span>
                <span class="method-start">352 ms</span>
              </div> <!-- test-method -->
              <div class="test-method">
                <img src="failed.png">
                </img>
                <span class="method-name">method_getTestScores_returned_map_validating_failed_test_objects_structures_inside_report_failed_array</span>
                <span class="method-start">354 ms</span>
              </div> <!-- test-method -->
              <div class="test-method">
                <span class="method-name">method_getTestScores_validating_the_test_classes_names_inside_report_section_of_test_scoring_map</span>
                <span class="method-start">377 ms</span>
              </div> <!-- test-method -->
            </div> <!-- chronological-class -->
            <div class="chronological-class">
              <div class="chronological-class-name">com.rc.wefunit.ConfigReaderTest</div> <!-- chronological-class-name -->
              <div class="test-method">
                <span class="method-name">method_getProjectName_test_for_linux</span>
                <span class="method-start">399 ms</span>
              </div> <!-- test-method -->
              <div class="test-method">
                <span class="method-name">method_getProjectName_test_for_windows</span>
                <span class="method-start">429 ms</span>
              </div> <!-- test-method -->
            </div> <!-- chronological-class -->
            <div class="chronological-class">
              <div class="chronological-class-name">com.rc.wefunit.testreporting.HTMLReporterTest</div> <!-- chronological-class-name -->
              <div class="test-method">
                <span class="method-name">method_generateHTMLTestReporting_TestReporting_html_file_basic_structure</span>
                <span class="method-start">443 ms</span>
              </div> <!-- test-method -->
              <div class="test-method">
                <img src="failed.png">
                </img>
                <span class="method-name">method_generateHTMLTestReporting_TestReporting_html_file_test_report_content</span>
                <span class="method-start">4428 ms</span>
              </div> <!-- test-method -->
              <div class="test-method">
                <span class="method-name">method_generateHTMLTestReporting_create_a_new_html_report_if_a_report_file_is_not_there</span>
                <span class="method-start">6849 ms</span>
              </div> <!-- test-method -->
              <div class="test-method">
                <span class="method-name">method_generateHTMLTestReporting_delete_existing_html_report_file_then_regenerate_a_new_file</span>
                <span class="method-start">6859 ms</span>
              </div> <!-- test-method -->
              <div class="test-method">
                <span class="method-name">method_generateHTMLTestReporting_if_reporting_directories_are_not_present_then_create_them</span>
                <span class="method-start">6872 ms</span>
              </div> <!-- test-method -->
              <div class="test-method">
                <span class="method-name">method_generateHTMLTestReporting_must_throw_IllegalStateException_when_reporting_dir_is_not_accessible</span>
                <span class="method-start">6883 ms</span>
              </div> <!-- test-method -->
          </div> <!-- main-panel-content rounded-window-bottom -->
        </div> <!-- panel -->
      </div> <!-- main-panel-root -->
    </div> <!-- wrapper -->
  </body>
</html>
