<?xml version="1.0" encoding="UTF-8"?>
<!-- Generated by org.testng.reporters.JUnitReportReporter -->
<testsuite hostname="ubuntu" name="com.rc.wefunit.testreporting.HTMLReporterTest" tests="8" failures="0" timestamp="20 May 2015 16:36:08 GMT" time="6.997" errors="3">
  <testcase name="t1" time="0.004" classname="com.rc.wefunit.testreporting.HTMLReporterTest">
    <error type="java.lang.AssertionError" message="null">
      <![CDATA[java.lang.AssertionError: null
	at com.rc.wefunit.testreporting.HTMLReporterTest.t1(HTMLReporterTest.java:218)
	at sun.reflect.NativeMethodAccessorImpl.invoke0(Native Method)
	at java.lang.reflect.Method.invoke(Method.java:483)
	at org.apache.maven.surefire.testng.TestNGExecutor.run(TestNGExecutor.java:295)
	at org.apache.maven.surefire.testng.TestNGXmlTestSuite.execute(TestNGXmlTestSuite.java:84)
	at org.apache.maven.surefire.testng.TestNGProvider.invoke(TestNGProvider.java:90)
	at org.apache.maven.surefire.booter.ForkedBooter.invokeProviderInSameClassLoader(ForkedBooter.java:203)
	at org.apache.maven.surefire.booter.ForkedBooter.runSuitesInProcess(ForkedBooter.java:155)
	at org.apache.maven.surefire.booter.ForkedBooter.main(ForkedBooter.java:103)
]]>
    </error>
  </testcase> <!-- t1 -->
  <testcase name="method_generateHTMLTestReporting_TestReporting_html_file_basic_structure" time="3.855" classname="com.rc.wefunit.testreporting.HTMLReporterTest">
    <error type="java.lang.AssertionError" message="expected [WefUnit Test Report] but found []">
      <![CDATA[java.lang.AssertionError: expected [WefUnit Test Report] but found []
	at com.rc.wefunit.testreporting.HTMLReporterTest.method_generateHTMLTestReporting_TestReporting_html_file_basic_structure(HTMLReporterTest.java:184)
	at sun.reflect.NativeMethodAccessorImpl.invoke0(Native Method)
	at java.lang.reflect.Method.invoke(Method.java:483)
	at org.apache.maven.surefire.testng.TestNGExecutor.run(TestNGExecutor.java:295)
	at org.apache.maven.surefire.testng.TestNGXmlTestSuite.execute(TestNGXmlTestSuite.java:84)
	at org.apache.maven.surefire.testng.TestNGProvider.invoke(TestNGProvider.java:90)
	at org.apache.maven.surefire.booter.ForkedBooter.invokeProviderInSameClassLoader(ForkedBooter.java:203)
	at org.apache.maven.surefire.booter.ForkedBooter.runSuitesInProcess(ForkedBooter.java:155)
	at org.apache.maven.surefire.booter.ForkedBooter.main(ForkedBooter.java:103)
]]>
    </error>
  </testcase> <!-- method_generateHTMLTestReporting_TestReporting_html_file_basic_structure -->
  <testcase name="method_generateHTMLTestReporting_TestReporting_html_file_test_report_content" time="3.017" classname="com.rc.wefunit.testreporting.HTMLReporterTest"/>
  <testcase name="method_generateHTMLTestReporting_delete_existing_html_report_file_then_regenerate_a_new_file" time="0.011" classname="com.rc.wefunit.testreporting.HTMLReporterTest"/>
  <testcase name="method_generateHTMLTestReporting_create_a_new_html_report_if_a_report_file_is_not_there" time="0.004" classname="com.rc.wefunit.testreporting.HTMLReporterTest"/>
  <testcase name="t2" time="0.000" classname="com.rc.wefunit.testreporting.HTMLReporterTest">
    <error type="java.lang.AssertionError" message="null">
      <![CDATA[java.lang.AssertionError: null
	at com.rc.wefunit.testreporting.HTMLReporterTest.t2(HTMLReporterTest.java:223)
	at sun.reflect.NativeMethodAccessorImpl.invoke0(Native Method)
	at java.lang.reflect.Method.invoke(Method.java:483)
	at org.apache.maven.surefire.testng.TestNGExecutor.run(TestNGExecutor.java:295)
	at org.apache.maven.surefire.testng.TestNGXmlTestSuite.execute(TestNGXmlTestSuite.java:84)
	at org.apache.maven.surefire.testng.TestNGProvider.invoke(TestNGProvider.java:90)
	at org.apache.maven.surefire.booter.ForkedBooter.invokeProviderInSameClassLoader(ForkedBooter.java:203)
	at org.apache.maven.surefire.booter.ForkedBooter.runSuitesInProcess(ForkedBooter.java:155)
	at org.apache.maven.surefire.booter.ForkedBooter.main(ForkedBooter.java:103)
]]>
    </error>
  </testcase> <!-- t2 -->
  <testcase name="method_generateHTMLTestReporting_must_throw_IllegalStateException_when_reporting_dir_is_not_accessible" time="0.104" classname="com.rc.wefunit.testreporting.HTMLReporterTest"/>
  <testcase name="method_generateHTMLTestReporting_if_reporting_directories_are_not_present_then_create_them" time="0.002" classname="com.rc.wefunit.testreporting.HTMLReporterTest"/>
</testsuite> <!-- com.rc.wefunit.testreporting.HTMLReporterTest -->
